Build started 23/04/34 07:40:44 م.
     1>Project "C:\Users\jcooke\Desktop\freezing-ninja\CosInt\CosIntCPP\CosIntCPP.vcxproj" on node 2 (Build target(s)).
     1>RestorePackages:
         "C:\Users\jcooke\Desktop\freezing-ninja\CosInt\.nuget\nuget.exe" install "C:\Users\jcooke\Desktop\freezing-ninja\CosInt\CosIntCPP\packages.config" -source ""  -RequireConsent -solutionDir "C:\Users\jcooke\Desktop\freezing-ninja\CosInt\ "
         All packages listed in packages.config are already installed.
       ClCompile:
         C:\Program Files (x86)\Microsoft Visual Studio 11.0\VC\bin\CL.exe /c /I"C:\Users\jcooke\Desktop\freezing-ninja\CosInt\packages\zlib.1.2.5.56\build\native\..\..\lib\native\include" /Zi /nologo /W3 /WX- /sdl /O2 /Oi /Oy- /GL /D HAS_ZLIB /D WIN32 /D NDEBUG /D _CONSOLE /D _UNICODE /D UNICODE /Gm- /EHsc /MD /GS /Gy /fp:precise /Zc:wchar_t /Zc:forScope /Yc"stdafx.h" /Fp"Release\CosIntCPP.pch" /Fo"Release\\" /Fd"Release\vc110.pdb" /Gd /TP /analyze- /errorReport:prompt stdafx.cpp
         stdafx.cpp
         C:\Program Files (x86)\Microsoft Visual Studio 11.0\VC\bin\CL.exe /c /I"C:\Users\jcooke\Desktop\freezing-ninja\CosInt\packages\zlib.1.2.5.56\build\native\..\..\lib\native\include" /Zi /nologo /W3 /WX- /sdl /O2 /Oi /Oy- /GL /D HAS_ZLIB /D WIN32 /D NDEBUG /D _CONSOLE /D _UNICODE /D UNICODE /Gm- /EHsc /MD /GS /Gy /fp:precise /Zc:wchar_t /Zc:forScope /Yu"stdafx.h" /Fp"Release\CosIntCPP.pch" /Fo"Release\\" /Fd"Release\vc110.pdb" /Gd /TP /analyze- /errorReport:prompt CosIntCPP.cpp
         CosIntCPP.cpp
       Link:
         C:\Program Files (x86)\Microsoft Visual Studio 11.0\VC\bin\link.exe /ERRORREPORT:PROMPT /OUT:"C:\Users\jcooke\Desktop\freezing-ninja\CosInt\Release\CosIntCPP.exe" /INCREMENTAL:NO /NOLOGO "C:\Users\jcooke\Desktop\freezing-ninja\CosInt\packages\zlib.1.2.5.56\build\native\..\..\lib\native\lib\x86\zlib1.lib" kernel32.lib user32.lib gdi32.lib winspool.lib comdlg32.lib advapi32.lib shell32.lib ole32.lib oleaut32.lib uuid.lib odbc32.lib odbccp32.lib /MANIFEST /MANIFESTUAC:"level='asInvoker' uiAccess='false'" /manifest:embed /DEBUG /PDB:"C:\Users\jcooke\Desktop\freezing-ninja\CosInt\Release\CosIntCPP.pdb" /SUBSYSTEM:CONSOLE /OPT:REF /OPT:ICF /LTCG /TLBID:1 /DYNAMICBASE /NXCOMPAT /IMPLIB:"C:\Users\jcooke\Desktop\freezing-ninja\CosInt\Release\CosIntCPP.lib" /MACHINE:X86 /SAFESEH Release\CosIntCPP.obj
         Release\stdafx.obj
         "C:\Users\jcooke\Desktop\freezing-ninja\CosInt\Release\LibCPP.lib"
         Generating code
         Finished generating code
         CosIntCPP.vcxproj -> C:\Users\jcooke\Desktop\freezing-ninja\CosInt\Release\CosIntCPP.exe
     1>Done Building Project "C:\Users\jcooke\Desktop\freezing-ninja\CosInt\CosIntCPP\CosIntCPP.vcxproj" (Build target(s)).

Build succeeded.

Time Elapsed 00:00:05.06
